Connecting to database specified by database.yml
Connecting to database specified by database.yml
Migrating to DeviseCreateUsers (20121203142609)
Migrating to AddDeviseGuestsToUsers (20121203142613)
Migrating to CreateSearches (20121203142621)
Migrating to CreateBookmarks (20121203142622)
Migrating to RemoveEditableFieldsFromBookmarks (20121203142623)
Migrating to AddUserTypesToBookmarksSearches (20121203142624)
Connecting to database specified by database.yml
Compiled jquery.js  (1ms)  (pid 5642)
Compiled blacklight_advanced_search/blacklight_advanced_search_javascript.js  (0ms)  (pid 5642)
Compiled blacklight_advanced_search.js  (2ms)  (pid 5642)
Compiled jquery-ui-1.9.2.custom.js  (0ms)  (pid 5642)
Compiled flot/jquery.flot.js  (1ms)  (pid 5642)
Compiled flot/jquery.flot.selection.js  (0ms)  (pid 5642)
Compiled bootstrap-tooltip.js  (0ms)  (pid 5642)
Compiled blacklight_range_limit/range_limit_distro_facets.js  (0ms)  (pid 5642)
Compiled blacklight_range_limit/range_limit_slider.js  (0ms)  (pid 5642)
Compiled blacklight_range_limit.js  (60ms)  (pid 5642)
Compiled jquery_ujs.js  (0ms)  (pid 5642)
Compiled blacklight/core.js  (0ms)  (pid 5642)
Compiled blacklight/checkbox_submit.js  (0ms)  (pid 5642)
Compiled blacklight/bookmark_toggle.js  (5ms)  (pid 5642)
Compiled blacklight/facet_expand_contract.js  (1ms)  (pid 5642)
Compiled blacklight/lightbox_dialog.js  (1ms)  (pid 5642)
Compiled blacklight/search_context.js  (1ms)  (pid 5642)
Compiled blacklight/select_submit.js  (1ms)  (pid 5642)
Compiled blacklight/zebra_stripe.js  (1ms)  (pid 5642)
Compiled blacklight/css_dropdowns.js  (0ms)  (pid 5642)
Compiled bootstrap-transition.js  (0ms)  (pid 5642)
Compiled bootstrap-collapse.js  (0ms)  (pid 5642)
Compiled bootstrap-alert.js  (0ms)  (pid 5642)
Compiled improved-modal/bootstrap-modalmanager.js  (0ms)  (pid 5642)
Compiled improved-modal/bootstrap-modal.js  (0ms)  (pid 5642)
Compiled blacklight/blacklight.js  (102ms)  (pid 5642)
Compiled blacklight_application.js  (0ms)  (pid 5642)
Compiled holdings.js  (83ms)  (pid 5642)
Compiled jquery_plugins/jquery.colorbox-min.js  (0ms)  (pid 5642)
Compiled jquery_plugins/jquery.contactable.min.js  (0ms)  (pid 5642)
Compiled jquery_plugins/jquery.dropmenu.js  (0ms)  (pid 5642)
Compiled jquery_plugins/jquery.observe_field.js  (0ms)  (pid 5642)
Compiled application.js  (362ms)  (pid 5642)
Compiled improved-modal/bootstrap-modal.css  (0ms)  (pid 5642)
Compiled blacklight.css  (2519ms)  (pid 5642)
Compiled blacklight_range_limit/blacklight_range_limit.css  (0ms)  (pid 5642)
Compiled blacklight_range_limit.css  (99ms)  (pid 5642)
Compiled blacklight_advanced_search/advanced_results.css  (0ms)  (pid 5642)
Compiled blacklight_advanced_search/blacklight_advanced_search_styles.css  (2ms)  (pid 5642)
Compiled blacklight_advanced_search.css  (8ms)  (pid 5642)
Compiled application.css  (2643ms)  (pid 5642)
Compiled flot/excanvas.min.js  (0ms)  (pid 5642)
Connecting to database specified by database.yml
Compiled jquery.js  (1ms)  (pid 5642)
Compiled blacklight_advanced_search/blacklight_advanced_search_javascript.js  (0ms)  (pid 5642)
Compiled blacklight_advanced_search.js  (2ms)  (pid 5642)
Compiled jquery-ui-1.9.2.custom.js  (0ms)  (pid 5642)
Compiled flot/jquery.flot.js  (31ms)  (pid 5642)
Compiled flot/jquery.flot.selection.js  (0ms)  (pid 5642)
Compiled bootstrap-tooltip.js  (0ms)  (pid 5642)
Compiled blacklight_range_limit/range_limit_distro_facets.js  (0ms)  (pid 5642)
Compiled blacklight_range_limit/range_limit_slider.js  (0ms)  (pid 5642)
Compiled blacklight_range_limit.js  (57ms)  (pid 5642)
Compiled jquery_ujs.js  (0ms)  (pid 5642)
Compiled blacklight/core.js  (0ms)  (pid 5642)
Compiled blacklight/checkbox_submit.js  (0ms)  (pid 5642)
Compiled blacklight/bookmark_toggle.js  (5ms)  (pid 5642)
Compiled blacklight/facet_expand_contract.js  (1ms)  (pid 5642)
Compiled blacklight/lightbox_dialog.js  (1ms)  (pid 5642)
Compiled blacklight/search_context.js  (1ms)  (pid 5642)
Compiled blacklight/select_submit.js  (1ms)  (pid 5642)
Compiled blacklight/zebra_stripe.js  (1ms)  (pid 5642)
Compiled blacklight/css_dropdowns.js  (0ms)  (pid 5642)
Compiled bootstrap-transition.js  (0ms)  (pid 5642)
Compiled bootstrap-collapse.js  (0ms)  (pid 5642)
Compiled bootstrap-alert.js  (0ms)  (pid 5642)
Compiled improved-modal/bootstrap-modalmanager.js  (0ms)  (pid 5642)
Compiled improved-modal/bootstrap-modal.js  (0ms)  (pid 5642)
Compiled blacklight/blacklight.js  (98ms)  (pid 5642)
Compiled blacklight_application.js  (0ms)  (pid 5642)
Compiled holdings.js  (82ms)  (pid 5642)
Compiled jquery_plugins/jquery.colorbox-min.js  (0ms)  (pid 5642)
Compiled jquery_plugins/jquery.contactable.min.js  (0ms)  (pid 5642)
Compiled jquery_plugins/jquery.dropmenu.js  (0ms)  (pid 5642)
Compiled jquery_plugins/jquery.observe_field.js  (0ms)  (pid 5642)
Compiled application.js  (317ms)  (pid 5642)
Compiled improved-modal/bootstrap-modal.css  (0ms)  (pid 5642)
Compiled blacklight.css  (2498ms)  (pid 5642)
Compiled blacklight_range_limit/blacklight_range_limit.css  (0ms)  (pid 5642)
Compiled blacklight_range_limit.css  (38ms)  (pid 5642)
Compiled blacklight_advanced_search/advanced_results.css  (0ms)  (pid 5642)
Compiled blacklight_advanced_search/blacklight_advanced_search_styles.css  (2ms)  (pid 5642)
Compiled blacklight_advanced_search.css  (8ms)  (pid 5642)
Compiled application.css  (2558ms)  (pid 5642)
Compiled flot/excanvas.min.js  (0ms)  (pid 5642)
Connecting to database specified by database.yml
Compiled jquery.js  (1ms)  (pid 7857)
Compiled blacklight_advanced_search/blacklight_advanced_search_javascript.js  (0ms)  (pid 7857)
Compiled blacklight_advanced_search.js  (2ms)  (pid 7857)
Compiled jquery-ui-1.9.2.custom.js  (0ms)  (pid 7857)
Compiled flot/jquery.flot.js  (1ms)  (pid 7857)
Compiled flot/jquery.flot.selection.js  (0ms)  (pid 7857)
Compiled bootstrap-tooltip.js  (0ms)  (pid 7857)
Compiled blacklight_range_limit/range_limit_distro_facets.js  (0ms)  (pid 7857)
Compiled blacklight_range_limit/range_limit_slider.js  (0ms)  (pid 7857)
Compiled blacklight_range_limit.js  (58ms)  (pid 7857)
Compiled jquery_ujs.js  (0ms)  (pid 7857)
Compiled blacklight/core.js  (0ms)  (pid 7857)
Compiled blacklight/checkbox_submit.js  (0ms)  (pid 7857)
Compiled blacklight/bookmark_toggle.js  (5ms)  (pid 7857)
Compiled blacklight/facet_expand_contract.js  (1ms)  (pid 7857)
Compiled blacklight/lightbox_dialog.js  (1ms)  (pid 7857)
Compiled blacklight/search_context.js  (1ms)  (pid 7857)
Compiled blacklight/select_submit.js  (1ms)  (pid 7857)
Compiled blacklight/zebra_stripe.js  (1ms)  (pid 7857)
Compiled blacklight/css_dropdowns.js  (0ms)  (pid 7857)
Compiled bootstrap-transition.js  (0ms)  (pid 7857)
Compiled bootstrap-collapse.js  (0ms)  (pid 7857)
Compiled bootstrap-alert.js  (0ms)  (pid 7857)
Compiled improved-modal/bootstrap-modalmanager.js  (0ms)  (pid 7857)
Compiled improved-modal/bootstrap-modal.js  (0ms)  (pid 7857)
Compiled blacklight/blacklight.js  (99ms)  (pid 7857)
Compiled blacklight_application.js  (0ms)  (pid 7857)
Compiled holdings.js  (81ms)  (pid 7857)
Compiled jquery_plugins/jquery.colorbox-min.js  (0ms)  (pid 7857)
Compiled jquery_plugins/jquery.contactable.min.js  (0ms)  (pid 7857)
Compiled jquery_plugins/jquery.dropmenu.js  (0ms)  (pid 7857)
Compiled jquery_plugins/jquery.observe_field.js  (0ms)  (pid 7857)
Compiled application.js  (352ms)  (pid 7857)
Compiled improved-modal/bootstrap-modal.css  (0ms)  (pid 7857)
Compiled blacklight.css  (2646ms)  (pid 7857)
Compiled blacklight_range_limit/blacklight_range_limit.css  (0ms)  (pid 7857)
Compiled blacklight_range_limit.css  (39ms)  (pid 7857)
Compiled blacklight_advanced_search/advanced_results.css  (0ms)  (pid 7857)
Compiled blacklight_advanced_search/blacklight_advanced_search_styles.css  (2ms)  (pid 7857)
Compiled blacklight_advanced_search.css  (8ms)  (pid 7857)
Compiled application.css  (2708ms)  (pid 7857)
Compiled flot/excanvas.min.js  (0ms)  (pid 7857)
Connecting to database specified by database.yml
Compiled jquery.js  (1ms)  (pid 7857)
Compiled blacklight_advanced_search/blacklight_advanced_search_javascript.js  (0ms)  (pid 7857)
Compiled blacklight_advanced_search.js  (2ms)  (pid 7857)
Compiled jquery-ui-1.9.2.custom.js  (0ms)  (pid 7857)
Compiled flot/jquery.flot.js  (1ms)  (pid 7857)
Compiled flot/jquery.flot.selection.js  (0ms)  (pid 7857)
Compiled bootstrap-tooltip.js  (0ms)  (pid 7857)
Compiled blacklight_range_limit/range_limit_distro_facets.js  (0ms)  (pid 7857)
Compiled blacklight_range_limit/range_limit_slider.js  (0ms)  (pid 7857)
Compiled blacklight_range_limit.js  (58ms)  (pid 7857)
Compiled jquery_ujs.js  (0ms)  (pid 7857)
Compiled blacklight/core.js  (0ms)  (pid 7857)
Compiled blacklight/checkbox_submit.js  (0ms)  (pid 7857)
Compiled blacklight/bookmark_toggle.js  (5ms)  (pid 7857)
Compiled blacklight/facet_expand_contract.js  (1ms)  (pid 7857)
Compiled blacklight/lightbox_dialog.js  (1ms)  (pid 7857)
Compiled blacklight/search_context.js  (1ms)  (pid 7857)
Compiled blacklight/select_submit.js  (1ms)  (pid 7857)
Compiled blacklight/zebra_stripe.js  (1ms)  (pid 7857)
Compiled blacklight/css_dropdowns.js  (0ms)  (pid 7857)
Compiled bootstrap-transition.js  (0ms)  (pid 7857)
Compiled bootstrap-collapse.js  (0ms)  (pid 7857)
Compiled bootstrap-alert.js  (0ms)  (pid 7857)
Compiled improved-modal/bootstrap-modalmanager.js  (0ms)  (pid 7857)
Compiled improved-modal/bootstrap-modal.js  (0ms)  (pid 7857)
Compiled blacklight/blacklight.js  (102ms)  (pid 7857)
Compiled blacklight_application.js  (0ms)  (pid 7857)
Compiled holdings.js  (121ms)  (pid 7857)
Compiled jquery_plugins/jquery.colorbox-min.js  (0ms)  (pid 7857)
Compiled jquery_plugins/jquery.contactable.min.js  (0ms)  (pid 7857)
Compiled jquery_plugins/jquery.dropmenu.js  (0ms)  (pid 7857)
Compiled jquery_plugins/jquery.observe_field.js  (0ms)  (pid 7857)
Compiled application.js  (366ms)  (pid 7857)
Compiled improved-modal/bootstrap-modal.css  (0ms)  (pid 7857)
Compiled blacklight.css  (2537ms)  (pid 7857)
Compiled blacklight_range_limit/blacklight_range_limit.css  (0ms)  (pid 7857)
Compiled blacklight_range_limit.css  (40ms)  (pid 7857)
Compiled blacklight_advanced_search/advanced_results.css  (0ms)  (pid 7857)
Compiled blacklight_advanced_search/blacklight_advanced_search_styles.css  (2ms)  (pid 7857)
Compiled blacklight_advanced_search.css  (8ms)  (pid 7857)
Compiled application.css  (2599ms)  (pid 7857)
Compiled flot/excanvas.min.js  (0ms)  (pid 7857)
Connecting to database specified by database.yml
Compiled jquery.js  (1ms)  (pid 7979)
Compiled blacklight_advanced_search/blacklight_advanced_search_javascript.js  (0ms)  (pid 7979)
Compiled blacklight_advanced_search.js  (2ms)  (pid 7979)
Compiled jquery-ui-1.9.2.custom.js  (0ms)  (pid 7979)
Compiled flot/jquery.flot.js  (1ms)  (pid 7979)
Compiled flot/jquery.flot.selection.js  (0ms)  (pid 7979)
Compiled bootstrap-tooltip.js  (0ms)  (pid 7979)
Compiled blacklight_range_limit/range_limit_distro_facets.js  (0ms)  (pid 7979)
Compiled blacklight_range_limit/range_limit_slider.js  (0ms)  (pid 7979)
Compiled blacklight_range_limit.js  (28ms)  (pid 7979)
Compiled jquery_ujs.js  (0ms)  (pid 7979)
Compiled blacklight/core.js  (0ms)  (pid 7979)
Compiled blacklight/checkbox_submit.js  (0ms)  (pid 7979)
Compiled blacklight/bookmark_toggle.js  (5ms)  (pid 7979)
Compiled blacklight/facet_expand_contract.js  (1ms)  (pid 7979)
Compiled blacklight/lightbox_dialog.js  (1ms)  (pid 7979)
Compiled blacklight/search_context.js  (1ms)  (pid 7979)
Compiled blacklight/select_submit.js  (1ms)  (pid 7979)
Compiled blacklight/zebra_stripe.js  (1ms)  (pid 7979)
Compiled blacklight/css_dropdowns.js  (0ms)  (pid 7979)
Compiled bootstrap-transition.js  (0ms)  (pid 7979)
Compiled bootstrap-collapse.js  (0ms)  (pid 7979)
Compiled bootstrap-alert.js  (0ms)  (pid 7979)
Compiled improved-modal/bootstrap-modalmanager.js  (0ms)  (pid 7979)
Compiled improved-modal/bootstrap-modal.js  (0ms)  (pid 7979)
Compiled blacklight/blacklight.js  (139ms)  (pid 7979)
Compiled blacklight_application.js  (0ms)  (pid 7979)
Compiled holdings.js  (84ms)  (pid 7979)
Compiled jquery_plugins/jquery.colorbox-min.js  (0ms)  (pid 7979)
Compiled jquery_plugins/jquery.contactable.min.js  (0ms)  (pid 7979)
Compiled jquery_plugins/jquery.dropmenu.js  (0ms)  (pid 7979)
Compiled jquery_plugins/jquery.observe_field.js  (0ms)  (pid 7979)
Compiled application.js  (333ms)  (pid 7979)
Compiled improved-modal/bootstrap-modal.css  (0ms)  (pid 7979)
Compiled blacklight.css  (2526ms)  (pid 7979)
Compiled blacklight_range_limit/blacklight_range_limit.css  (0ms)  (pid 7979)
Compiled blacklight_range_limit.css  (38ms)  (pid 7979)
Compiled blacklight_advanced_search/advanced_results.css  (0ms)  (pid 7979)
Compiled blacklight_advanced_search/blacklight_advanced_search_styles.css  (2ms)  (pid 7979)
Compiled blacklight_advanced_search.css  (8ms)  (pid 7979)
Compiled application.css  (2649ms)  (pid 7979)
Compiled flot/excanvas.min.js  (0ms)  (pid 7979)
Connecting to database specified by database.yml
Compiled jquery.js  (1ms)  (pid 7979)
Compiled blacklight_advanced_search/blacklight_advanced_search_javascript.js  (0ms)  (pid 7979)
Compiled blacklight_advanced_search.js  (2ms)  (pid 7979)
Compiled jquery-ui-1.9.2.custom.js  (0ms)  (pid 7979)
Compiled flot/jquery.flot.js  (1ms)  (pid 7979)
Compiled flot/jquery.flot.selection.js  (0ms)  (pid 7979)
Compiled bootstrap-tooltip.js  (0ms)  (pid 7979)
Compiled blacklight_range_limit/range_limit_distro_facets.js  (0ms)  (pid 7979)
Compiled blacklight_range_limit/range_limit_slider.js  (0ms)  (pid 7979)
Compiled blacklight_range_limit.js  (59ms)  (pid 7979)
Compiled jquery_ujs.js  (0ms)  (pid 7979)
Compiled blacklight/core.js  (0ms)  (pid 7979)
Compiled blacklight/checkbox_submit.js  (0ms)  (pid 7979)
Compiled blacklight/bookmark_toggle.js  (5ms)  (pid 7979)
Compiled blacklight/facet_expand_contract.js  (1ms)  (pid 7979)
Compiled blacklight/lightbox_dialog.js  (1ms)  (pid 7979)
Compiled blacklight/search_context.js  (1ms)  (pid 7979)
Compiled blacklight/select_submit.js  (1ms)  (pid 7979)
Compiled blacklight/zebra_stripe.js  (1ms)  (pid 7979)
Compiled blacklight/css_dropdowns.js  (0ms)  (pid 7979)
Compiled bootstrap-transition.js  (0ms)  (pid 7979)
Compiled bootstrap-collapse.js  (0ms)  (pid 7979)
Compiled bootstrap-alert.js  (0ms)  (pid 7979)
Compiled improved-modal/bootstrap-modalmanager.js  (0ms)  (pid 7979)
Compiled improved-modal/bootstrap-modal.js  (0ms)  (pid 7979)
Compiled blacklight/blacklight.js  (101ms)  (pid 7979)
Compiled blacklight_application.js  (0ms)  (pid 7979)
Compiled holdings.js  (82ms)  (pid 7979)
Compiled jquery_plugins/jquery.colorbox-min.js  (0ms)  (pid 7979)
Compiled jquery_plugins/jquery.contactable.min.js  (0ms)  (pid 7979)
Compiled jquery_plugins/jquery.dropmenu.js  (0ms)  (pid 7979)
Compiled jquery_plugins/jquery.observe_field.js  (0ms)  (pid 7979)
Compiled application.js  (325ms)  (pid 7979)
Compiled improved-modal/bootstrap-modal.css  (0ms)  (pid 7979)
Compiled blacklight.css  (2645ms)  (pid 7979)
Compiled blacklight_range_limit/blacklight_range_limit.css  (0ms)  (pid 7979)
Compiled blacklight_range_limit.css  (39ms)  (pid 7979)
Compiled blacklight_advanced_search/advanced_results.css  (0ms)  (pid 7979)
Compiled blacklight_advanced_search/blacklight_advanced_search_styles.css  (3ms)  (pid 7979)
Compiled blacklight_advanced_search.css  (59ms)  (pid 7979)
Compiled application.css  (2758ms)  (pid 7979)
Compiled flot/excanvas.min.js  (0ms)  (pid 7979)
Connecting to database specified by database.yml
Compiled jquery.js  (1ms)  (pid 8016)
Compiled blacklight_advanced_search/blacklight_advanced_search_javascript.js  (0ms)  (pid 8016)
Compiled blacklight_advanced_search.js  (2ms)  (pid 8016)
Compiled jquery-ui-1.9.2.custom.js  (0ms)  (pid 8016)
Compiled flot/jquery.flot.js  (1ms)  (pid 8016)
Compiled flot/jquery.flot.selection.js  (0ms)  (pid 8016)
Compiled bootstrap-tooltip.js  (0ms)  (pid 8016)
Compiled blacklight_range_limit/range_limit_distro_facets.js  (0ms)  (pid 8016)
Compiled blacklight_range_limit/range_limit_slider.js  (0ms)  (pid 8016)
Compiled blacklight_range_limit.js  (61ms)  (pid 8016)
Compiled jquery_ujs.js  (0ms)  (pid 8016)
Compiled blacklight/core.js  (0ms)  (pid 8016)
Compiled blacklight/checkbox_submit.js  (0ms)  (pid 8016)
Compiled blacklight/bookmark_toggle.js  (5ms)  (pid 8016)
Compiled blacklight/facet_expand_contract.js  (1ms)  (pid 8016)
Compiled blacklight/lightbox_dialog.js  (1ms)  (pid 8016)
Compiled blacklight/search_context.js  (1ms)  (pid 8016)
Compiled blacklight/select_submit.js  (1ms)  (pid 8016)
Compiled blacklight/zebra_stripe.js  (1ms)  (pid 8016)
Compiled blacklight/css_dropdowns.js  (0ms)  (pid 8016)
Compiled bootstrap-transition.js  (0ms)  (pid 8016)
Compiled bootstrap-collapse.js  (0ms)  (pid 8016)
Compiled bootstrap-alert.js  (0ms)  (pid 8016)
Compiled improved-modal/bootstrap-modalmanager.js  (0ms)  (pid 8016)
Compiled improved-modal/bootstrap-modal.js  (0ms)  (pid 8016)
Compiled blacklight/blacklight.js  (104ms)  (pid 8016)
Compiled blacklight_application.js  (0ms)  (pid 8016)
Compiled holdings.js  (83ms)  (pid 8016)
Compiled jquery_plugins/jquery.colorbox-min.js  (0ms)  (pid 8016)
Compiled jquery_plugins/jquery.contactable.min.js  (0ms)  (pid 8016)
Compiled jquery_plugins/jquery.dropmenu.js  (0ms)  (pid 8016)
Compiled jquery_plugins/jquery.observe_field.js  (0ms)  (pid 8016)
Compiled application.js  (369ms)  (pid 8016)
Compiled improved-modal/bootstrap-modal.css  (0ms)  (pid 8016)
Compiled blacklight.css  (2768ms)  (pid 8016)
Compiled blacklight_range_limit/blacklight_range_limit.css  (0ms)  (pid 8016)
Compiled blacklight_range_limit.css  (45ms)  (pid 8016)
Compiled blacklight_advanced_search/advanced_results.css  (0ms)  (pid 8016)
Compiled blacklight_advanced_search/blacklight_advanced_search_styles.css  (3ms)  (pid 8016)
Compiled blacklight_advanced_search.css  (9ms)  (pid 8016)
Compiled application.css  (2837ms)  (pid 8016)
Compiled flot/excanvas.min.js  (0ms)  (pid 8016)
Connecting to database specified by database.yml
Compiled jquery.js  (1ms)  (pid 8016)
Compiled blacklight_advanced_search/blacklight_advanced_search_javascript.js  (0ms)  (pid 8016)
Compiled blacklight_advanced_search.js  (2ms)  (pid 8016)
Compiled jquery-ui-1.9.2.custom.js  (0ms)  (pid 8016)
Compiled flot/jquery.flot.js  (1ms)  (pid 8016)
Compiled flot/jquery.flot.selection.js  (0ms)  (pid 8016)
Compiled bootstrap-tooltip.js  (0ms)  (pid 8016)
Compiled blacklight_range_limit/range_limit_distro_facets.js  (0ms)  (pid 8016)
Compiled blacklight_range_limit/range_limit_slider.js  (0ms)  (pid 8016)
Compiled blacklight_range_limit.js  (58ms)  (pid 8016)
Compiled jquery_ujs.js  (0ms)  (pid 8016)
Compiled blacklight/core.js  (0ms)  (pid 8016)
Compiled blacklight/checkbox_submit.js  (0ms)  (pid 8016)
Compiled blacklight/bookmark_toggle.js  (5ms)  (pid 8016)
Compiled blacklight/facet_expand_contract.js  (1ms)  (pid 8016)
Compiled blacklight/lightbox_dialog.js  (1ms)  (pid 8016)
Compiled blacklight/search_context.js  (1ms)  (pid 8016)
Compiled blacklight/select_submit.js  (1ms)  (pid 8016)
Compiled blacklight/zebra_stripe.js  (1ms)  (pid 8016)
Compiled blacklight/css_dropdowns.js  (0ms)  (pid 8016)
Compiled bootstrap-transition.js  (0ms)  (pid 8016)
Compiled bootstrap-collapse.js  (0ms)  (pid 8016)
Compiled bootstrap-alert.js  (0ms)  (pid 8016)
Compiled improved-modal/bootstrap-modalmanager.js  (0ms)  (pid 8016)
Compiled improved-modal/bootstrap-modal.js  (0ms)  (pid 8016)
Compiled blacklight/blacklight.js  (101ms)  (pid 8016)
Compiled blacklight_application.js  (0ms)  (pid 8016)
Compiled holdings.js  (134ms)  (pid 8016)
Compiled jquery_plugins/jquery.colorbox-min.js  (0ms)  (pid 8016)
Compiled jquery_plugins/jquery.contactable.min.js  (0ms)  (pid 8016)
Compiled jquery_plugins/jquery.dropmenu.js  (0ms)  (pid 8016)
Compiled jquery_plugins/jquery.observe_field.js  (0ms)  (pid 8016)
Compiled application.js  (344ms)  (pid 8016)
Compiled improved-modal/bootstrap-modal.css  (0ms)  (pid 8016)
Compiled blacklight.css  (2770ms)  (pid 8016)
Compiled blacklight_range_limit/blacklight_range_limit.css  (0ms)  (pid 8016)
Compiled blacklight_range_limit.css  (44ms)  (pid 8016)
Compiled blacklight_advanced_search/advanced_results.css  (0ms)  (pid 8016)
Compiled blacklight_advanced_search/blacklight_advanced_search_styles.css  (6ms)  (pid 8016)
Compiled blacklight_advanced_search.css  (18ms)  (pid 8016)
Compiled application.css  (2849ms)  (pid 8016)
Compiled flot/excanvas.min.js  (0ms)  (pid 8016)
Connecting to database specified by database.yml
Started GET "/" for 132.236.211.39 at 2012-12-05 15:07:38 -0500
Processing by CatalogController#index as HTML
Completed 500 Internal Server Error in 137ms

RuntimeError (The production environment settings were not found in the solr.yml config):
  blacklight (4.0.0) lib/blacklight.rb:57:in `solr_config'
  blacklight (4.0.0) lib/blacklight.rb:52:in `solr'
  blacklight (4.0.0) lib/blacklight/solr_helper.rb:389:in `query_solr'
  blacklight (4.0.0) lib/blacklight/solr_helper.rb:371:in `get_search_results'
  blacklight (4.0.0) lib/blacklight/catalog.rb:38:in `index'
  actionpack (3.2.9) lib/action_controller/metal/implicit_render.rb:4:in `send_action'
  actionpack (3.2.9) lib/abstract_controller/base.rb:167:in `process_action'
  actionpack (3.2.9) lib/action_controller/metal/rendering.rb:10:in `process_action'
  actionpack (3.2.9) lib/abstract_controller/callbacks.rb:18:in `block in process_action'
  activesupport (3.2.9) lib/active_support/callbacks.rb:480:in `_run__1847381358382445377__process_action__2560257726024246875__callbacks'
  activesupport (3.2.9) lib/active_support/callbacks.rb:405:in `__run_callback'
  activesupport (3.2.9) lib/active_support/callbacks.rb:385:in `_run_process_action_callbacks'
  activesupport (3.2.9) lib/active_support/callbacks.rb:81:in `run_callbacks'
  actionpack (3.2.9) lib/abstract_controller/callbacks.rb:17:in `process_action'
  actionpack (3.2.9) lib/action_controller/metal/rescue.rb:29:in `process_action'
  actionpack (3.2.9) lib/action_controller/metal/instrumentation.rb:30:in `block in process_action'
  activesupport (3.2.9) lib/active_support/notifications.rb:123:in `block in instrument'
  activesupport (3.2.9) lib/active_support/notifications/instrumenter.rb:20:in `instrument'
  activesupport (3.2.9) lib/active_support/notifications.rb:123:in `instrument'
  actionpack (3.2.9) lib/action_controller/metal/instrumentation.rb:29:in `process_action'
  actionpack (3.2.9) lib/action_controller/metal/params_wrapper.rb:207:in `process_action'
  activerecord (3.2.9) lib/active_record/railties/controller_runtime.rb:18:in `process_action'
  actionpack (3.2.9) lib/abstract_controller/base.rb:121:in `process'
  actionpack (3.2.9) lib/abstract_controller/rendering.rb:45:in `process'
  actionpack (3.2.9) lib/action_controller/metal.rb:203:in `dispatch'
  actionpack (3.2.9) lib/action_controller/metal/rack_delegation.rb:14:in `dispatch'
  actionpack (3.2.9) lib/action_controller/metal.rb:246:in `block in action'
  actionpack (3.2.9) lib/action_dispatch/routing/route_set.rb:73:in `call'
  actionpack (3.2.9) lib/action_dispatch/routing/route_set.rb:73:in `dispatch'
  actionpack (3.2.9) lib/action_dispatch/routing/route_set.rb:36:in `call'
  journey (1.0.4) lib/journey/router.rb:68:in `block in call'
  journey (1.0.4) lib/journey/router.rb:56:in `each'
  journey (1.0.4) lib/journey/router.rb:56:in `call'
  actionpack (3.2.9) lib/action_dispatch/routing/route_set.rb:601:in `call'
  sass (3.2.3) lib/sass/plugin/rack.rb:54:in `call'
  warden (1.2.1) lib/warden/manager.rb:35:in `block in call'
  warden (1.2.1) lib/warden/manager.rb:34:in `catch'
  warden (1.2.1) lib/warden/manager.rb:34:in `call'
  actionpack (3.2.9) lib/action_dispatch/middleware/best_standards_support.rb:17:in `call'
  rack (1.4.1) lib/rack/etag.rb:23:in `call'
  rack (1.4.1) lib/rack/conditionalget.rb:25:in `call'
  actionpack (3.2.9) lib/action_dispatch/middleware/head.rb:14:in `call'
  actionpack (3.2.9) lib/action_dispatch/middleware/params_parser.rb:21:in `call'
  actionpack (3.2.9) lib/action_dispatch/middleware/flash.rb:242:in `call'
  rack (1.4.1) lib/rack/session/abstract/id.rb:205:in `context'
  rack (1.4.1) lib/rack/session/abstract/id.rb:200:in `call'
  actionpack (3.2.9) lib/action_dispatch/middleware/cookies.rb:341:in `call'
  activerecord (3.2.9) lib/active_record/query_cache.rb:64:in `call'
  activerecord (3.2.9) lib/active_record/connection_adapters/abstract/connection_pool.rb:479:in `call'
  actionpack (3.2.9) lib/action_dispatch/middleware/callbacks.rb:28:in `block in call'
  activesupport (3.2.9) lib/active_support/callbacks.rb:405:in `_run__3088229936324198174__call__4494493313324563181__callbacks'
  activesupport (3.2.9) lib/active_support/callbacks.rb:405:in `__run_callback'
  activesupport (3.2.9) lib/active_support/callbacks.rb:385:in `_run_call_callbacks'
  activesupport (3.2.9) lib/active_support/callbacks.rb:81:in `run_callbacks'
  actionpack (3.2.9) lib/action_dispatch/middleware/callbacks.rb:27:in `call'
  actionpack (3.2.9) lib/action_dispatch/middleware/remote_ip.rb:31:in `call'
  actionpack (3.2.9) lib/action_dispatch/middleware/debug_exceptions.rb:16:in `call'
  actionpack (3.2.9) lib/action_dispatch/middleware/show_exceptions.rb:56:in `call'
  railties (3.2.9) lib/rails/rack/logger.rb:32:in `call_app'
  railties (3.2.9) lib/rails/rack/logger.rb:16:in `block in call'
  activesupport (3.2.9) lib/active_support/tagged_logging.rb:22:in `tagged'
  railties (3.2.9) lib/rails/rack/logger.rb:16:in `call'
  actionpack (3.2.9) lib/action_dispatch/middleware/request_id.rb:22:in `call'
  rack (1.4.1) lib/rack/methodoverride.rb:21:in `call'
  rack (1.4.1) lib/rack/runtime.rb:17:in `call'
  activesupport (3.2.9) lib/active_support/cache/strategy/local_cache.rb:72:in `call'
  rack (1.4.1) lib/rack/lock.rb:15:in `call'
  actionpack (3.2.9) lib/action_dispatch/middleware/static.rb:62:in `call'
  rack-cache (1.2) lib/rack/cache/context.rb:136:in `forward'
  rack-cache (1.2) lib/rack/cache/context.rb:245:in `fetch'
  rack-cache (1.2) lib/rack/cache/context.rb:185:in `lookup'
  rack-cache (1.2) lib/rack/cache/context.rb:66:in `call!'
  rack-cache (1.2) lib/rack/cache/context.rb:51:in `call'
  railties (3.2.9) lib/rails/engine.rb:479:in `call'
  railties (3.2.9) lib/rails/application.rb:223:in `call'
  rack (1.4.1) lib/rack/content_length.rb:14:in `call'
  railties (3.2.9) lib/rails/rack/log_tailer.rb:17:in `call'
  rack (1.4.1) lib/rack/handler/webrick.rb:59:in `service'
  /users/jac244/.rvm/rubies/ruby-1.9.3-p194/lib/ruby/1.9.1/webrick/httpserver.rb:138:in `service'
  /users/jac244/.rvm/rubies/ruby-1.9.3-p194/lib/ruby/1.9.1/webrick/httpserver.rb:94:in `run'
  /users/jac244/.rvm/rubies/ruby-1.9.3-p194/lib/ruby/1.9.1/webrick/server.rb:191:in `block in start_thread'


Connecting to database specified by database.yml
Started GET "/" for 132.236.211.39 at 2012-12-05 15:09:10 -0500
Processing by CatalogController#index as HTML
  Rendered catalog/_facet_limit_selected.html.haml (7.6ms)
  Rendered /users/jac244/.rvm/gems/ruby-1.9.3-p194/gems/blacklight_range_limit-2.0.0/app/views/blacklight_range_limit/_range_limit_panel.html.erb (3.5ms)
  Rendered catalog/_facet_limit.html.haml (4.6ms)
  Rendered catalog/_facet_limit.html.haml (2.6ms)
  Rendered catalog/_facet_limit.html.haml (1.9ms)
  Rendered catalog/_facet_limit.html.haml (2.6ms)
  Rendered catalog/_facet_limit.html.haml (2.7ms)
  Rendered catalog/_facet_limit.html.haml (2.7ms)
  Rendered catalog/_facets.html.haml (131.4ms)
  Rendered /users/jac244/.rvm/gems/ruby-1.9.3-p194/gems/blacklight-4.0.0/app/views/catalog/_home_text.html.erb (0.5ms)
  Rendered catalog/_facet_limit_selected.html.haml (1.8ms)
  Rendered /users/jac244/.rvm/gems/ruby-1.9.3-p194/gems/blacklight_range_limit-2.0.0/app/views/blacklight_range_limit/_range_limit_panel.html.erb (1.9ms)
  Rendered catalog/_facet_limit.html.haml (2.6ms)
  Rendered catalog/_facet_limit.html.haml (2.6ms)
  Rendered catalog/_facet_limit.html.haml (41.2ms)
  Rendered catalog/_facet_limit.html.haml (2.8ms)
  Rendered catalog/_facet_limit.html.haml (2.6ms)
  Rendered catalog/_facet_limit.html.haml (2.6ms)
  Rendered catalog/_facets.html.haml (61.6ms)
  Rendered /users/jac244/.rvm/gems/ruby-1.9.3-p194/gems/blacklight-4.0.0/app/views/catalog/_home.html.erb (64.5ms)
  Rendered /users/jac244/.rvm/gems/ruby-1.9.3-p194/gems/blacklight-4.0.0/app/views/catalog/index.html.erb within layouts/blacklight (201.4ms)
  Rendered catalog/_search_form.html.erb (2.3ms)
  Rendered /users/jac244/.rvm/gems/ruby-1.9.3-p194/gems/blacklight-4.0.0/app/views/_user_util_links.html.erb (160.3ms)
  Rendered /users/jac244/.rvm/gems/ruby-1.9.3-p194/gems/blacklight-4.0.0/app/views/shared/_header_navbar.html.erb (165.4ms)
  Rendered /users/jac244/.rvm/gems/ruby-1.9.3-p194/gems/blacklight-4.0.0/app/views/_flash_msg.html.erb (0.5ms)
  Rendered /users/jac244/.rvm/gems/ruby-1.9.3-p194/gems/blacklight-4.0.0/app/views/shared/_footer.html.erb (0.2ms)
Completed 200 OK in 662ms (Views: 413.1ms | ActiveRecord: 3.1ms)
Started GET "/catalog/range_limit?range_end=2004&range_field=pub_date&range_start=1547" for 132.236.211.39 at 2012-12-05 15:09:12 -0500
Processing by CatalogController#range_limit as HTML
  Parameters: {"range_end"=>"2004", "range_field"=>"pub_date", "range_start"=>"1547"}
  Rendered /users/jac244/.rvm/gems/ruby-1.9.3-p194/gems/blacklight_range_limit-2.0.0/app/views/blacklight_range_limit/_range_segments.html.erb (4.9ms)
  Rendered /users/jac244/.rvm/gems/ruby-1.9.3-p194/gems/blacklight_range_limit-2.0.0/app/views/blacklight_range_limit/range_segments.html.erb (6.9ms)
Completed 200 OK in 31ms (Views: 20.2ms | ActiveRecord: 0.0ms)
Started GET "/?f%5Bformat%5D%5B%5D=Book" for 132.236.211.39 at 2012-12-05 15:09:15 -0500
Processing by CatalogController#index as HTML
  Parameters: {"f"=>{"format"=>["Book"]}}
  Rendered catalog/_facet_limit_selected.html.haml (1.1ms)
  Rendered /users/jac244/.rvm/gems/ruby-1.9.3-p194/gems/blacklight_range_limit-2.0.0/app/views/blacklight_range_limit/_range_limit_panel.html.erb (2.1ms)
  Rendered catalog/_facet_limit.html.haml (3.8ms)
  Rendered catalog/_facet_limit.html.haml (2.8ms)
  Rendered catalog/_facet_limit.html.haml (2.2ms)
  Rendered catalog/_facet_limit.html.haml (2.8ms)
  Rendered catalog/_facet_limit.html.haml (2.8ms)
  Rendered catalog/_facet_limit.html.haml (3.0ms)
  Rendered catalog/_facets.html.haml (24.8ms)
  Rendered /users/jac244/.rvm/gems/ruby-1.9.3-p194/gems/blacklight-4.0.0/app/views/catalog/_opensearch_response_metadata.html.erb (0.7ms)
  Rendered /users/jac244/.rvm/gems/ruby-1.9.3-p194/gems/blacklight-4.0.0/app/views/catalog/_did_you_mean.html.erb (0.5ms)
  Rendered /users/jac244/.rvm/gems/ruby-1.9.3-p194/gems/blacklight-4.0.0/app/views/catalog/_constraints_element.html.erb (1.0ms)
  Rendered /users/jac244/.rvm/gems/ruby-1.9.3-p194/gems/blacklight-4.0.0/app/views/catalog/_constraints.html.erb (3.8ms)
  Rendered /users/jac244/.rvm/gems/ruby-1.9.3-p194/gems/blacklight-4.0.0/app/views/catalog/_paginate_compact.html.erb (8.6ms)
  Rendered /users/jac244/.rvm/gems/ruby-1.9.3-p194/gems/blacklight-4.0.0/app/views/catalog/_sort_widget.html.erb (2.9ms)
  Rendered /users/jac244/.rvm/gems/ruby-1.9.3-p194/gems/blacklight-4.0.0/app/views/catalog/_per_page_widget.html.erb (2.5ms)
  Rendered /users/jac244/.rvm/gems/ruby-1.9.3-p194/gems/blacklight-4.0.0/app/views/catalog/_sort_and_per_page.html.erb (18.7ms)
  Rendered /users/jac244/.rvm/gems/ruby-1.9.3-p194/gems/blacklight-4.0.0/app/views/catalog/_bookmark_control.html.erb (56.1ms)
  Rendered /users/jac244/.rvm/gems/ruby-1.9.3-p194/gems/blacklight-4.0.0/app/views/catalog/_document_header.html.erb (136.5ms)
  Rendered catalog/_index_default.html.erb (1.1ms)
  Rendered /users/jac244/.rvm/gems/ruby-1.9.3-p194/gems/blacklight_unapi-0.0.3/app/views/unapi/_microformat.html.erb (0.4ms)
  Rendered /users/jac244/.rvm/gems/ruby-1.9.3-p194/gems/blacklight-4.0.0/app/views/catalog/_bookmark_control.html.erb (1.3ms)
  Rendered /users/jac244/.rvm/gems/ruby-1.9.3-p194/gems/blacklight-4.0.0/app/views/catalog/_document_header.html.erb (2.5ms)
  Rendered catalog/_index_default.html.erb (0.4ms)
  Rendered /users/jac244/.rvm/gems/ruby-1.9.3-p194/gems/blacklight_unapi-0.0.3/app/views/unapi/_microformat.html.erb (0.1ms)
  Rendered /users/jac244/.rvm/gems/ruby-1.9.3-p194/gems/blacklight-4.0.0/app/views/catalog/_bookmark_control.html.erb (0.9ms)
  Rendered /users/jac244/.rvm/gems/ruby-1.9.3-p194/gems/blacklight-4.0.0/app/views/catalog/_document_header.html.erb (1.7ms)
  Rendered catalog/_index_default.html.erb (0.3ms)
  Rendered /users/jac244/.rvm/gems/ruby-1.9.3-p194/gems/blacklight_unapi-0.0.3/app/views/unapi/_microformat.html.erb (0.1ms)
  Rendered /users/jac244/.rvm/gems/ruby-1.9.3-p194/gems/blacklight-4.0.0/app/views/catalog/_bookmark_control.html.erb (1.0ms)
  Rendered /users/jac244/.rvm/gems/ruby-1.9.3-p194/gems/blacklight-4.0.0/app/views/catalog/_document_header.html.erb (1.6ms)
  Rendered catalog/_index_default.html.erb (0.3ms)
  Rendered /users/jac244/.rvm/gems/ruby-1.9.3-p194/gems/blacklight_unapi-0.0.3/app/views/unapi/_microformat.html.erb (0.1ms)
  Rendered /users/jac244/.rvm/gems/ruby-1.9.3-p194/gems/blacklight-4.0.0/app/views/catalog/_bookmark_control.html.erb (0.9ms)
  Rendered /users/jac244/.rvm/gems/ruby-1.9.3-p194/gems/blacklight-4.0.0/app/views/catalog/_document_header.html.erb (1.5ms)
  Rendered catalog/_index_default.html.erb (0.3ms)
  Rendered /users/jac244/.rvm/gems/ruby-1.9.3-p194/gems/blacklight_unapi-0.0.3/app/views/unapi/_microformat.html.erb (0.1ms)
  Rendered /users/jac244/.rvm/gems/ruby-1.9.3-p194/gems/blacklight-4.0.0/app/views/catalog/_bookmark_control.html.erb (0.9ms)
  Rendered /users/jac244/.rvm/gems/ruby-1.9.3-p194/gems/blacklight-4.0.0/app/views/catalog/_document_header.html.erb (1.6ms)
  Rendered catalog/_index_default.html.erb (0.3ms)
  Rendered /users/jac244/.rvm/gems/ruby-1.9.3-p194/gems/blacklight_unapi-0.0.3/app/views/unapi/_microformat.html.erb (0.2ms)
  Rendered /users/jac244/.rvm/gems/ruby-1.9.3-p194/gems/blacklight-4.0.0/app/views/catalog/_bookmark_control.html.erb (0.9ms)
  Rendered /users/jac244/.rvm/gems/ruby-1.9.3-p194/gems/blacklight-4.0.0/app/views/catalog/_document_header.html.erb (1.5ms)
  Rendered catalog/_index_default.html.erb (0.3ms)
  Rendered /users/jac244/.rvm/gems/ruby-1.9.3-p194/gems/blacklight_unapi-0.0.3/app/views/unapi/_microformat.html.erb (0.1ms)
  Rendered /users/jac244/.rvm/gems/ruby-1.9.3-p194/gems/blacklight-4.0.0/app/views/catalog/_bookmark_control.html.erb (1.0ms)
  Rendered /users/jac244/.rvm/gems/ruby-1.9.3-p194/gems/blacklight-4.0.0/app/views/catalog/_document_header.html.erb (1.6ms)
  Rendered catalog/_index_default.html.erb (0.3ms)
  Rendered /users/jac244/.rvm/gems/ruby-1.9.3-p194/gems/blacklight_unapi-0.0.3/app/views/unapi/_microformat.html.erb (0.1ms)
  Rendered /users/jac244/.rvm/gems/ruby-1.9.3-p194/gems/blacklight-4.0.0/app/views/catalog/_bookmark_control.html.erb (0.9ms)
  Rendered /users/jac244/.rvm/gems/ruby-1.9.3-p194/gems/blacklight-4.0.0/app/views/catalog/_document_header.html.erb (1.5ms)
  Rendered catalog/_index_default.html.erb (0.3ms)
  Rendered /users/jac244/.rvm/gems/ruby-1.9.3-p194/gems/blacklight_unapi-0.0.3/app/views/unapi/_microformat.html.erb (0.1ms)
  Rendered /users/jac244/.rvm/gems/ruby-1.9.3-p194/gems/blacklight-4.0.0/app/views/catalog/_bookmark_control.html.erb (1.0ms)
  Rendered /users/jac244/.rvm/gems/ruby-1.9.3-p194/gems/blacklight-4.0.0/app/views/catalog/_document_header.html.erb (1.7ms)
  Rendered catalog/_index_default.html.erb (0.3ms)
  Rendered /users/jac244/.rvm/gems/ruby-1.9.3-p194/gems/blacklight_unapi-0.0.3/app/views/unapi/_microformat.html.erb (0.1ms)
  Rendered /users/jac244/.rvm/gems/ruby-1.9.3-p194/gems/blacklight-4.0.0/app/views/catalog/_bookmark_control.html.erb (0.9ms)
  Rendered /users/jac244/.rvm/gems/ruby-1.9.3-p194/gems/blacklight-4.0.0/app/views/catalog/_document_header.html.erb (1.5ms)
  Rendered catalog/_index_default.html.erb (0.3ms)
  Rendered /users/jac244/.rvm/gems/ruby-1.9.3-p194/gems/blacklight_unapi-0.0.3/app/views/unapi/_microformat.html.erb (0.1ms)
  Rendered /users/jac244/.rvm/gems/ruby-1.9.3-p194/gems/blacklight-4.0.0/app/views/catalog/_bookmark_control.html.erb (1.0ms)
  Rendered /users/jac244/.rvm/gems/ruby-1.9.3-p194/gems/blacklight-4.0.0/app/views/catalog/_document_header.html.erb (1.7ms)
  Rendered catalog/_index_default.html.erb (0.5ms)
  Rendered /users/jac244/.rvm/gems/ruby-1.9.3-p194/gems/blacklight_unapi-0.0.3/app/views/unapi/_microformat.html.erb (0.1ms)
  Rendered /users/jac244/.rvm/gems/ruby-1.9.3-p194/gems/blacklight-4.0.0/app/views/catalog/_bookmark_control.html.erb (1.0ms)
  Rendered /users/jac244/.rvm/gems/ruby-1.9.3-p194/gems/blacklight-4.0.0/app/views/catalog/_document_header.html.erb (1.8ms)
  Rendered catalog/_index_default.html.erb (0.3ms)
  Rendered /users/jac244/.rvm/gems/ruby-1.9.3-p194/gems/blacklight_unapi-0.0.3/app/views/unapi/_microformat.html.erb (0.1ms)
  Rendered /users/jac244/.rvm/gems/ruby-1.9.3-p194/gems/blacklight-4.0.0/app/views/catalog/_bookmark_control.html.erb (0.9ms)
  Rendered /users/jac244/.rvm/gems/ruby-1.9.3-p194/gems/blacklight-4.0.0/app/views/catalog/_document_header.html.erb (1.6ms)
  Rendered catalog/_index_default.html.erb (0.3ms)
  Rendered /users/jac244/.rvm/gems/ruby-1.9.3-p194/gems/blacklight_unapi-0.0.3/app/views/unapi/_microformat.html.erb (0.1ms)
  Rendered /users/jac244/.rvm/gems/ruby-1.9.3-p194/gems/blacklight-4.0.0/app/views/catalog/_bookmark_control.html.erb (1.0ms)
  Rendered /users/jac244/.rvm/gems/ruby-1.9.3-p194/gems/blacklight-4.0.0/app/views/catalog/_document_header.html.erb (1.7ms)
  Rendered catalog/_index_default.html.erb (0.5ms)
  Rendered /users/jac244/.rvm/gems/ruby-1.9.3-p194/gems/blacklight_unapi-0.0.3/app/views/unapi/_microformat.html.erb (0.1ms)
  Rendered /users/jac244/.rvm/gems/ruby-1.9.3-p194/gems/blacklight-4.0.0/app/views/catalog/_bookmark_control.html.erb (1.0ms)
  Rendered /users/jac244/.rvm/gems/ruby-1.9.3-p194/gems/blacklight-4.0.0/app/views/catalog/_document_header.html.erb (1.8ms)
  Rendered catalog/_index_default.html.erb (0.3ms)
  Rendered /users/jac244/.rvm/gems/ruby-1.9.3-p194/gems/blacklight_unapi-0.0.3/app/views/unapi/_microformat.html.erb (0.1ms)
  Rendered /users/jac244/.rvm/gems/ruby-1.9.3-p194/gems/blacklight-4.0.0/app/views/catalog/_bookmark_control.html.erb (0.9ms)
  Rendered /users/jac244/.rvm/gems/ruby-1.9.3-p194/gems/blacklight-4.0.0/app/views/catalog/_document_header.html.erb (1.6ms)
  Rendered catalog/_index_default.html.erb (0.3ms)
  Rendered /users/jac244/.rvm/gems/ruby-1.9.3-p194/gems/blacklight_unapi-0.0.3/app/views/unapi/_microformat.html.erb (0.1ms)
  Rendered /users/jac244/.rvm/gems/ruby-1.9.3-p194/gems/blacklight-4.0.0/app/views/catalog/_bookmark_control.html.erb (1.0ms)
  Rendered /users/jac244/.rvm/gems/ruby-1.9.3-p194/gems/blacklight-4.0.0/app/views/catalog/_document_header.html.erb (1.6ms)
  Rendered catalog/_index_default.html.erb (0.3ms)
  Rendered /users/jac244/.rvm/gems/ruby-1.9.3-p194/gems/blacklight_unapi-0.0.3/app/views/unapi/_microformat.html.erb (0.1ms)
  Rendered /users/jac244/.rvm/gems/ruby-1.9.3-p194/gems/blacklight-4.0.0/app/views/catalog/_bookmark_control.html.erb (0.9ms)
  Rendered /users/jac244/.rvm/gems/ruby-1.9.3-p194/gems/blacklight-4.0.0/app/views/catalog/_document_header.html.erb (1.7ms)
  Rendered catalog/_index_default.html.erb (0.3ms)
  Rendered /users/jac244/.rvm/gems/ruby-1.9.3-p194/gems/blacklight_unapi-0.0.3/app/views/unapi/_microformat.html.erb (0.1ms)
  Rendered /users/jac244/.rvm/gems/ruby-1.9.3-p194/gems/blacklight-4.0.0/app/views/catalog/_bookmark_control.html.erb (0.9ms)
  Rendered /users/jac244/.rvm/gems/ruby-1.9.3-p194/gems/blacklight-4.0.0/app/views/catalog/_document_header.html.erb (1.4ms)
  Rendered catalog/_index_default.html.erb (0.3ms)
  Rendered /users/jac244/.rvm/gems/ruby-1.9.3-p194/gems/blacklight_unapi-0.0.3/app/views/unapi/_microformat.html.erb (0.1ms)
  Rendered /users/jac244/.rvm/gems/ruby-1.9.3-p194/gems/blacklight-4.0.0/app/views/catalog/_document.html.erb (267.3ms)
  Rendered /users/jac244/.rvm/gems/ruby-1.9.3-p194/gems/blacklight-4.0.0/app/views/catalog/_document_list.html.erb (269.1ms)
  Rendered /users/jac244/.rvm/gems/ruby-1.9.3-p194/gems/blacklight-4.0.0/app/views/catalog/_results_pagination.html.erb (16.6ms)
  Rendered /users/jac244/.rvm/gems/ruby-1.9.3-p194/gems/blacklight-4.0.0/app/views/catalog/index.html.erb within layouts/blacklight (344.0ms)
  Rendered catalog/_search_form.html.erb (1.8ms)
  Rendered /users/jac244/.rvm/gems/ruby-1.9.3-p194/gems/blacklight-4.0.0/app/views/_user_util_links.html.erb (1.0ms)
  Rendered /users/jac244/.rvm/gems/ruby-1.9.3-p194/gems/blacklight-4.0.0/app/views/shared/_header_navbar.html.erb (3.4ms)
  Rendered /users/jac244/.rvm/gems/ruby-1.9.3-p194/gems/blacklight-4.0.0/app/views/_flash_msg.html.erb (0.1ms)
  Rendered /users/jac244/.rvm/gems/ruby-1.9.3-p194/gems/blacklight-4.0.0/app/views/shared/_footer.html.erb (0.0ms)
Completed 200 OK in 435ms (Views: 349.8ms | ActiveRecord: 15.5ms)
Started GET "/catalog/range_limit?f%5Bformat%5D%5B%5D=Book&range_end=2004&range_field=pub_date&range_start=1547" for 132.236.211.39 at 2012-12-05 15:09:16 -0500
Processing by CatalogController#range_limit as HTML
  Parameters: {"f"=>{"format"=>["Book"]}, "range_end"=>"2004", "range_field"=>"pub_date", "range_start"=>"1547"}
  Rendered /users/jac244/.rvm/gems/ruby-1.9.3-p194/gems/blacklight_range_limit-2.0.0/app/views/blacklight_range_limit/_range_segments.html.erb (4.5ms)
  Rendered /users/jac244/.rvm/gems/ruby-1.9.3-p194/gems/blacklight_range_limit-2.0.0/app/views/blacklight_range_limit/range_segments.html.erb (4.9ms)
Completed 200 OK in 15ms (Views: 5.5ms | ActiveRecord: 0.0ms)
Started GET "/" for 132.236.211.39 at 2012-12-05 15:09:18 -0500
Processing by CatalogController#index as HTML
  Rendered catalog/_facet_limit_selected.html.haml (2.0ms)
  Rendered /users/jac244/.rvm/gems/ruby-1.9.3-p194/gems/blacklight_range_limit-2.0.0/app/views/blacklight_range_limit/_range_limit_panel.html.erb (1.8ms)
  Rendered catalog/_facet_limit.html.haml (2.6ms)
  Rendered catalog/_facet_limit.html.haml (2.4ms)
  Rendered catalog/_facet_limit.html.haml (1.7ms)
  Rendered catalog/_facet_limit.html.haml (2.5ms)
  Rendered catalog/_facet_limit.html.haml (2.9ms)
  Rendered catalog/_facet_limit.html.haml (2.5ms)
  Rendered catalog/_facets.html.haml (22.4ms)
  Rendered /users/jac244/.rvm/gems/ruby-1.9.3-p194/gems/blacklight-4.0.0/app/views/catalog/_home_text.html.erb (0.1ms)
  Rendered catalog/_facet_limit_selected.html.haml (1.4ms)
  Rendered /users/jac244/.rvm/gems/ruby-1.9.3-p194/gems/blacklight_range_limit-2.0.0/app/views/blacklight_range_limit/_range_limit_panel.html.erb (1.8ms)
  Rendered catalog/_facet_limit.html.haml (2.6ms)
  Rendered catalog/_facet_limit.html.haml (2.7ms)
  Rendered catalog/_facet_limit.html.haml (1.7ms)
  Rendered catalog/_facet_limit.html.haml (48.9ms)
  Rendered catalog/_facet_limit.html.haml (2.7ms)
  Rendered catalog/_facet_limit.html.haml (2.4ms)
  Rendered catalog/_facets.html.haml (67.4ms)
  Rendered /users/jac244/.rvm/gems/ruby-1.9.3-p194/gems/blacklight-4.0.0/app/views/catalog/_home.html.erb (68.1ms)
  Rendered /users/jac244/.rvm/gems/ruby-1.9.3-p194/gems/blacklight-4.0.0/app/views/catalog/index.html.erb within layouts/blacklight (91.0ms)
  Rendered catalog/_search_form.html.erb (1.5ms)
  Rendered /users/jac244/.rvm/gems/ruby-1.9.3-p194/gems/blacklight-4.0.0/app/views/_user_util_links.html.erb (77.7ms)
  Rendered /users/jac244/.rvm/gems/ruby-1.9.3-p194/gems/blacklight-4.0.0/app/views/shared/_header_navbar.html.erb (79.8ms)
  Rendered /users/jac244/.rvm/gems/ruby-1.9.3-p194/gems/blacklight-4.0.0/app/views/_flash_msg.html.erb (0.1ms)
  Rendered /users/jac244/.rvm/gems/ruby-1.9.3-p194/gems/blacklight-4.0.0/app/views/shared/_footer.html.erb (0.0ms)
Completed 200 OK in 190ms (Views: 173.5ms | ActiveRecord: 0.3ms)
Started GET "/catalog/range_limit?range_end=2004&range_field=pub_date&range_start=1547" for 132.236.211.39 at 2012-12-05 15:09:19 -0500
Processing by CatalogController#range_limit as HTML
  Parameters: {"range_end"=>"2004", "range_field"=>"pub_date", "range_start"=>"1547"}
  Rendered /users/jac244/.rvm/gems/ruby-1.9.3-p194/gems/blacklight_range_limit-2.0.0/app/views/blacklight_range_limit/_range_segments.html.erb (3.9ms)
  Rendered /users/jac244/.rvm/gems/ruby-1.9.3-p194/gems/blacklight_range_limit-2.0.0/app/views/blacklight_range_limit/range_segments.html.erb (4.3ms)
Completed 200 OK in 14ms (Views: 5.0ms | ActiveRecord: 0.0ms)
Started GET "/catalog?utf8=%E2%9C%93&search_field=dummy_range&range%5Bpub_date%5D%5Bbegin%5D=1547&range%5Bpub_date%5D%5Bend%5D=1861&commit=Limit" for 132.236.211.39 at 2012-12-05 15:09:25 -0500
Processing by CatalogController#index as HTML
  Parameters: {"utf8"=>"✓", "search_field"=>"dummy_range", "range"=>{"pub_date"=>{"begin"=>"1547", "end"=>"1861"}}, "commit"=>"Limit"}
  Rendered catalog/_facet_limit_selected.html.haml (2.1ms)
  Rendered /users/jac244/.rvm/gems/ruby-1.9.3-p194/gems/blacklight_range_limit-2.0.0/app/views/blacklight_range_limit/_range_segments.html.erb (4.4ms)
  Rendered /users/jac244/.rvm/gems/ruby-1.9.3-p194/gems/blacklight_range_limit-2.0.0/app/views/blacklight_range_limit/_range_limit_panel.html.erb (6.8ms)
  Rendered catalog/_facet_limit.html.haml (3.8ms)
  Rendered catalog/_facet_limit.html.haml (1.4ms)
  Rendered catalog/_facet_limit.html.haml (2.5ms)
  Rendered catalog/_facet_limit.html.haml (3.8ms)
  Rendered catalog/_facet_limit.html.haml (3.9ms)
  Rendered catalog/_facet_limit.html.haml (3.6ms)
  Rendered catalog/_facets.html.haml (31.9ms)
  Rendered /users/jac244/.rvm/gems/ruby-1.9.3-p194/gems/blacklight-4.0.0/app/views/catalog/_opensearch_response_metadata.html.erb (0.3ms)
  Rendered /users/jac244/.rvm/gems/ruby-1.9.3-p194/gems/blacklight-4.0.0/app/views/catalog/_did_you_mean.html.erb (0.1ms)
  Rendered /users/jac244/.rvm/gems/ruby-1.9.3-p194/gems/blacklight-4.0.0/app/views/catalog/_constraints.html.erb (0.1ms)
  Rendered /users/jac244/.rvm/gems/ruby-1.9.3-p194/gems/blacklight-4.0.0/app/views/catalog/_paginate_compact.html.erb (2.8ms)
  Rendered /users/jac244/.rvm/gems/ruby-1.9.3-p194/gems/blacklight-4.0.0/app/views/catalog/_sort_widget.html.erb (3.2ms)
  Rendered /users/jac244/.rvm/gems/ruby-1.9.3-p194/gems/blacklight-4.0.0/app/views/catalog/_per_page_widget.html.erb (1.9ms)
  Rendered /users/jac244/.rvm/gems/ruby-1.9.3-p194/gems/blacklight-4.0.0/app/views/catalog/_sort_and_per_page.html.erb (8.5ms)
  Rendered /users/jac244/.rvm/gems/ruby-1.9.3-p194/gems/blacklight-4.0.0/app/views/catalog/_bookmark_control.html.erb (1.6ms)
  Rendered /users/jac244/.rvm/gems/ruby-1.9.3-p194/gems/blacklight-4.0.0/app/views/catalog/_document_header.html.erb (79.0ms)
  Rendered catalog/_index_default.html.erb (0.5ms)
  Rendered /users/jac244/.rvm/gems/ruby-1.9.3-p194/gems/blacklight_unapi-0.0.3/app/views/unapi/_microformat.html.erb (0.1ms)
  Rendered /users/jac244/.rvm/gems/ruby-1.9.3-p194/gems/blacklight-4.0.0/app/views/catalog/_bookmark_control.html.erb (0.9ms)
  Rendered /users/jac244/.rvm/gems/ruby-1.9.3-p194/gems/blacklight-4.0.0/app/views/catalog/_document_header.html.erb (1.5ms)
  Rendered catalog/_index_default.html.erb (0.3ms)
  Rendered /users/jac244/.rvm/gems/ruby-1.9.3-p194/gems/blacklight_unapi-0.0.3/app/views/unapi/_microformat.html.erb (0.2ms)
  Rendered /users/jac244/.rvm/gems/ruby-1.9.3-p194/gems/blacklight-4.0.0/app/views/catalog/_bookmark_control.html.erb (46.5ms)
  Rendered /users/jac244/.rvm/gems/ruby-1.9.3-p194/gems/blacklight-4.0.0/app/views/catalog/_document_header.html.erb (47.1ms)
  Rendered catalog/_index_default.html.erb (0.4ms)
  Rendered /users/jac244/.rvm/gems/ruby-1.9.3-p194/gems/blacklight_unapi-0.0.3/app/views/unapi/_microformat.html.erb (0.1ms)
  Rendered /users/jac244/.rvm/gems/ruby-1.9.3-p194/gems/blacklight-4.0.0/app/views/catalog/_bookmark_control.html.erb (0.9ms)
  Rendered /users/jac244/.rvm/gems/ruby-1.9.3-p194/gems/blacklight-4.0.0/app/views/catalog/_document_header.html.erb (1.7ms)
  Rendered catalog/_index_default.html.erb (0.3ms)
  Rendered /users/jac244/.rvm/gems/ruby-1.9.3-p194/gems/blacklight_unapi-0.0.3/app/views/unapi/_microformat.html.erb (0.1ms)
  Rendered /users/jac244/.rvm/gems/ruby-1.9.3-p194/gems/blacklight-4.0.0/app/views/catalog/_bookmark_control.html.erb (1.0ms)
  Rendered /users/jac244/.rvm/gems/ruby-1.9.3-p194/gems/blacklight-4.0.0/app/views/catalog/_document_header.html.erb (1.6ms)
  Rendered catalog/_index_default.html.erb (0.3ms)
  Rendered /users/jac244/.rvm/gems/ruby-1.9.3-p194/gems/blacklight_unapi-0.0.3/app/views/unapi/_microformat.html.erb (0.1ms)
  Rendered /users/jac244/.rvm/gems/ruby-1.9.3-p194/gems/blacklight-4.0.0/app/views/catalog/_bookmark_control.html.erb (0.9ms)
  Rendered /users/jac244/.rvm/gems/ruby-1.9.3-p194/gems/blacklight-4.0.0/app/views/catalog/_document_header.html.erb (1.4ms)
  Rendered catalog/_index_default.html.erb (0.3ms)
  Rendered /users/jac244/.rvm/gems/ruby-1.9.3-p194/gems/blacklight_unapi-0.0.3/app/views/unapi/_microformat.html.erb (0.1ms)
  Rendered /users/jac244/.rvm/gems/ruby-1.9.3-p194/gems/blacklight-4.0.0/app/views/catalog/_bookmark_control.html.erb (0.9ms)
  Rendered /users/jac244/.rvm/gems/ruby-1.9.3-p194/gems/blacklight-4.0.0/app/views/catalog/_document_header.html.erb (1.5ms)
  Rendered catalog/_index_default.html.erb (0.3ms)
  Rendered /users/jac244/.rvm/gems/ruby-1.9.3-p194/gems/blacklight_unapi-0.0.3/app/views/unapi/_microformat.html.erb (0.1ms)
  Rendered /users/jac244/.rvm/gems/ruby-1.9.3-p194/gems/blacklight-4.0.0/app/views/catalog/_bookmark_control.html.erb (1.1ms)
  Rendered /users/jac244/.rvm/gems/ruby-1.9.3-p194/gems/blacklight-4.0.0/app/views/catalog/_document_header.html.erb (1.7ms)
  Rendered catalog/_index_default.html.erb (0.3ms)
  Rendered /users/jac244/.rvm/gems/ruby-1.9.3-p194/gems/blacklight_unapi-0.0.3/app/views/unapi/_microformat.html.erb (0.1ms)
  Rendered /users/jac244/.rvm/gems/ruby-1.9.3-p194/gems/blacklight-4.0.0/app/views/catalog/_bookmark_control.html.erb (1.4ms)
  Rendered /users/jac244/.rvm/gems/ruby-1.9.3-p194/gems/blacklight-4.0.0/app/views/catalog/_document_header.html.erb (2.0ms)
  Rendered catalog/_index_default.html.erb (0.3ms)
  Rendered /users/jac244/.rvm/gems/ruby-1.9.3-p194/gems/blacklight_unapi-0.0.3/app/views/unapi/_microformat.html.erb (0.1ms)
  Rendered /users/jac244/.rvm/gems/ruby-1.9.3-p194/gems/blacklight-4.0.0/app/views/catalog/_bookmark_control.html.erb (0.8ms)
  Rendered /users/jac244/.rvm/gems/ruby-1.9.3-p194/gems/blacklight-4.0.0/app/views/catalog/_document_header.html.erb (1.4ms)
  Rendered catalog/_index_default.html.erb (0.4ms)
  Rendered /users/jac244/.rvm/gems/ruby-1.9.3-p194/gems/blacklight_unapi-0.0.3/app/views/unapi/_microformat.html.erb (0.1ms)
  Rendered /users/jac244/.rvm/gems/ruby-1.9.3-p194/gems/blacklight-4.0.0/app/views/catalog/_bookmark_control.html.erb (0.8ms)
  Rendered /users/jac244/.rvm/gems/ruby-1.9.3-p194/gems/blacklight-4.0.0/app/views/catalog/_document_header.html.erb (1.4ms)
  Rendered catalog/_index_default.html.erb (0.3ms)
  Rendered /users/jac244/.rvm/gems/ruby-1.9.3-p194/gems/blacklight_unapi-0.0.3/app/views/unapi/_microformat.html.erb (0.1ms)
  Rendered /users/jac244/.rvm/gems/ruby-1.9.3-p194/gems/blacklight-4.0.0/app/views/catalog/_bookmark_control.html.erb (1.0ms)
  Rendered /users/jac244/.rvm/gems/ruby-1.9.3-p194/gems/blacklight-4.0.0/app/views/catalog/_document_header.html.erb (1.6ms)
  Rendered catalog/_index_default.html.erb (0.4ms)
  Rendered /users/jac244/.rvm/gems/ruby-1.9.3-p194/gems/blacklight_unapi-0.0.3/app/views/unapi/_microformat.html.erb (0.1ms)
  Rendered /users/jac244/.rvm/gems/ruby-1.9.3-p194/gems/blacklight-4.0.0/app/views/catalog/_bookmark_control.html.erb (0.8ms)
  Rendered /users/jac244/.rvm/gems/ruby-1.9.3-p194/gems/blacklight-4.0.0/app/views/catalog/_document_header.html.erb (1.4ms)
  Rendered catalog/_index_default.html.erb (0.3ms)
  Rendered /users/jac244/.rvm/gems/ruby-1.9.3-p194/gems/blacklight_unapi-0.0.3/app/views/unapi/_microformat.html.erb (0.1ms)
  Rendered /users/jac244/.rvm/gems/ruby-1.9.3-p194/gems/blacklight-4.0.0/app/views/catalog/_bookmark_control.html.erb (0.9ms)
  Rendered /users/jac244/.rvm/gems/ruby-1.9.3-p194/gems/blacklight-4.0.0/app/views/catalog/_document_header.html.erb (1.5ms)
  Rendered catalog/_index_default.html.erb (0.3ms)
  Rendered /users/jac244/.rvm/gems/ruby-1.9.3-p194/gems/blacklight_unapi-0.0.3/app/views/unapi/_microformat.html.erb (0.1ms)
  Rendered /users/jac244/.rvm/gems/ruby-1.9.3-p194/gems/blacklight-4.0.0/app/views/catalog/_bookmark_control.html.erb (0.8ms)
  Rendered /users/jac244/.rvm/gems/ruby-1.9.3-p194/gems/blacklight-4.0.0/app/views/catalog/_document_header.html.erb (1.5ms)
  Rendered catalog/_index_default.html.erb (0.3ms)
  Rendered /users/jac244/.rvm/gems/ruby-1.9.3-p194/gems/blacklight_unapi-0.0.3/app/views/unapi/_microformat.html.erb (0.1ms)
  Rendered /users/jac244/.rvm/gems/ruby-1.9.3-p194/gems/blacklight-4.0.0/app/views/catalog/_bookmark_control.html.erb (0.9ms)
  Rendered /users/jac244/.rvm/gems/ruby-1.9.3-p194/gems/blacklight-4.0.0/app/views/catalog/_document_header.html.erb (1.5ms)
  Rendered catalog/_index_default.html.erb (0.3ms)
  Rendered /users/jac244/.rvm/gems/ruby-1.9.3-p194/gems/blacklight_unapi-0.0.3/app/views/unapi/_microformat.html.erb (0.1ms)
  Rendered /users/jac244/.rvm/gems/ruby-1.9.3-p194/gems/blacklight-4.0.0/app/views/catalog/_bookmark_control.html.erb (0.8ms)
  Rendered /users/jac244/.rvm/gems/ruby-1.9.3-p194/gems/blacklight-4.0.0/app/views/catalog/_document_header.html.erb (1.4ms)
  Rendered catalog/_index_default.html.erb (0.3ms)
  Rendered /users/jac244/.rvm/gems/ruby-1.9.3-p194/gems/blacklight_unapi-0.0.3/app/views/unapi/_microformat.html.erb (0.1ms)
  Rendered /users/jac244/.rvm/gems/ruby-1.9.3-p194/gems/blacklight-4.0.0/app/views/catalog/_bookmark_control.html.erb (1.1ms)
  Rendered /users/jac244/.rvm/gems/ruby-1.9.3-p194/gems/blacklight-4.0.0/app/views/catalog/_document_header.html.erb (1.8ms)
  Rendered catalog/_index_default.html.erb (0.3ms)
  Rendered /users/jac244/.rvm/gems/ruby-1.9.3-p194/gems/blacklight_unapi-0.0.3/app/views/unapi/_microformat.html.erb (0.1ms)
  Rendered /users/jac244/.rvm/gems/ruby-1.9.3-p194/gems/blacklight-4.0.0/app/views/catalog/_bookmark_control.html.erb (0.9ms)
  Rendered /users/jac244/.rvm/gems/ruby-1.9.3-p194/gems/blacklight-4.0.0/app/views/catalog/_document_header.html.erb (1.8ms)
  Rendered catalog/_index_default.html.erb (0.3ms)
  Rendered /users/jac244/.rvm/gems/ruby-1.9.3-p194/gems/blacklight_unapi-0.0.3/app/views/unapi/_microformat.html.erb (0.1ms)
  Rendered /users/jac244/.rvm/gems/ruby-1.9.3-p194/gems/blacklight-4.0.0/app/views/catalog/_bookmark_control.html.erb (0.9ms)
  Rendered /users/jac244/.rvm/gems/ruby-1.9.3-p194/gems/blacklight-4.0.0/app/views/catalog/_document_header.html.erb (1.4ms)
  Rendered catalog/_index_default.html.erb (0.3ms)
  Rendered /users/jac244/.rvm/gems/ruby-1.9.3-p194/gems/blacklight_unapi-0.0.3/app/views/unapi/_microformat.html.erb (0.1ms)
  Rendered /users/jac244/.rvm/gems/ruby-1.9.3-p194/gems/blacklight-4.0.0/app/views/catalog/_document.html.erb (196.5ms)
  Rendered /users/jac244/.rvm/gems/ruby-1.9.3-p194/gems/blacklight-4.0.0/app/views/catalog/_document_list.html.erb (196.9ms)
  Rendered /users/jac244/.rvm/gems/ruby-1.9.3-p194/gems/blacklight-4.0.0/app/views/catalog/_results_pagination.html.erb (8.0ms)
  Rendered /users/jac244/.rvm/gems/ruby-1.9.3-p194/gems/blacklight-4.0.0/app/views/catalog/index.html.erb within layouts/blacklight (247.6ms)
  Rendered catalog/_search_form.html.erb (1.9ms)
  Rendered /users/jac244/.rvm/gems/ruby-1.9.3-p194/gems/blacklight-4.0.0/app/views/_user_util_links.html.erb (1.1ms)
  Rendered /users/jac244/.rvm/gems/ruby-1.9.3-p194/gems/blacklight-4.0.0/app/views/shared/_header_navbar.html.erb (3.6ms)
  Rendered /users/jac244/.rvm/gems/ruby-1.9.3-p194/gems/blacklight-4.0.0/app/views/_flash_msg.html.erb (0.1ms)
  Rendered /users/jac244/.rvm/gems/ruby-1.9.3-p194/gems/blacklight-4.0.0/app/views/shared/_footer.html.erb (0.0ms)
Completed 200 OK in 319ms (Views: 254.1ms | ActiveRecord: 21.3ms)
Started GET "/catalog/facet/subject_topic_facet?commit=Limit&range%5Bpub_date%5D%5Bbegin%5D=1547&range%5Bpub_date%5D%5Bend%5D=1861&search_field=dummy_range&utf8=%E2%9C%93" for 132.236.211.39 at 2012-12-05 15:09:33 -0500
Processing by CatalogController#facet as HTML
  Parameters: {"commit"=>"Limit", "range"=>{"pub_date"=>{"begin"=>"1547", "end"=>"1861"}}, "search_field"=>"dummy_range", "utf8"=>"✓", "id"=>"subject_topic_facet"}
  Rendered /users/jac244/.rvm/gems/ruby-1.9.3-p194/gems/blacklight-4.0.0/app/views/catalog/_facet_pagination.html.erb (2.4ms)
  Rendered /users/jac244/.rvm/gems/ruby-1.9.3-p194/gems/blacklight-4.0.0/app/views/catalog/_facet_pagination.html.erb (2.0ms)
  Rendered catalog/_facet_expanded.html.erb (67.9ms)
  Rendered catalog/facet.html.haml within layouts/blacklight (69.2ms)
  Rendered catalog/_search_form.html.erb (3.1ms)
  Rendered /users/jac244/.rvm/gems/ruby-1.9.3-p194/gems/blacklight-4.0.0/app/views/_user_util_links.html.erb (78.0ms)
  Rendered /users/jac244/.rvm/gems/ruby-1.9.3-p194/gems/blacklight-4.0.0/app/views/shared/_header_navbar.html.erb (82.0ms)
  Rendered /users/jac244/.rvm/gems/ruby-1.9.3-p194/gems/blacklight-4.0.0/app/views/_flash_msg.html.erb (0.1ms)
  Rendered /users/jac244/.rvm/gems/ruby-1.9.3-p194/gems/blacklight-4.0.0/app/views/shared/_footer.html.erb (0.0ms)
Completed 200 OK in 164ms (Views: 154.3ms | ActiveRecord: 0.3ms)
Started GET "/catalog/facet/subject_topic_facet?commit=Limit&range%5Bpub_date%5D%5Bbegin%5D=1547&range%5Bpub_date%5D%5Bend%5D=1861&search_field=dummy_range&utf8=%E2%9C%93" for 132.236.211.39 at 2012-12-05 15:09:37 -0500
Processing by CatalogController#facet as HTML
  Parameters: {"commit"=>"Limit", "range"=>{"pub_date"=>{"begin"=>"1547", "end"=>"1861"}}, "search_field"=>"dummy_range", "utf8"=>"✓", "id"=>"subject_topic_facet"}
  Rendered /users/jac244/.rvm/gems/ruby-1.9.3-p194/gems/blacklight-4.0.0/app/views/catalog/_facet_pagination.html.erb (1.5ms)
  Rendered /users/jac244/.rvm/gems/ruby-1.9.3-p194/gems/blacklight-4.0.0/app/views/catalog/_facet_pagination.html.erb (1.4ms)
  Rendered catalog/_facet_expanded.html.erb (17.2ms)
  Rendered catalog/facet.html.haml within layouts/blacklight (17.5ms)
  Rendered catalog/_search_form.html.erb (1.9ms)
  Rendered /users/jac244/.rvm/gems/ruby-1.9.3-p194/gems/blacklight-4.0.0/app/views/_user_util_links.html.erb (78.3ms)
  Rendered /users/jac244/.rvm/gems/ruby-1.9.3-p194/gems/blacklight-4.0.0/app/views/shared/_header_navbar.html.erb (81.0ms)
  Rendered /users/jac244/.rvm/gems/ruby-1.9.3-p194/gems/blacklight-4.0.0/app/views/_flash_msg.html.erb (0.1ms)
  Rendered /users/jac244/.rvm/gems/ruby-1.9.3-p194/gems/blacklight-4.0.0/app/views/shared/_footer.html.erb (0.0ms)
Completed 200 OK in 110ms (Views: 100.9ms | ActiveRecord: 0.3ms)
Started GET "/catalog/facet/subject_topic_facet?commit=Limit&facet.page=2&range%5Bpub_date%5D%5Bbegin%5D=1547&range%5Bpub_date%5D%5Bend%5D=1861&search_field=dummy_range&utf8=%E2%9C%93" for 132.236.211.39 at 2012-12-05 15:09:42 -0500
Processing by CatalogController#facet as HTML
  Parameters: {"commit"=>"Limit", "facet.page"=>"2", "range"=>{"pub_date"=>{"begin"=>"1547", "end"=>"1861"}}, "search_field"=>"dummy_range", "utf8"=>"✓", "id"=>"subject_topic_facet"}
  Rendered /users/jac244/.rvm/gems/ruby-1.9.3-p194/gems/blacklight-4.0.0/app/views/catalog/_facet_pagination.html.erb (2.0ms)
  Rendered /users/jac244/.rvm/gems/ruby-1.9.3-p194/gems/blacklight-4.0.0/app/views/catalog/_facet_pagination.html.erb (1.8ms)
  Rendered catalog/_facet_expanded.html.erb (18.8ms)
  Rendered catalog/facet.html.haml within layouts/blacklight (19.2ms)
  Rendered catalog/_search_form.html.erb (2.3ms)
  Rendered /users/jac244/.rvm/gems/ruby-1.9.3-p194/gems/blacklight-4.0.0/app/views/_user_util_links.html.erb (77.5ms)
  Rendered /users/jac244/.rvm/gems/ruby-1.9.3-p194/gems/blacklight-4.0.0/app/views/shared/_header_navbar.html.erb (80.7ms)
  Rendered /users/jac244/.rvm/gems/ruby-1.9.3-p194/gems/blacklight-4.0.0/app/views/_flash_msg.html.erb (0.1ms)
  Rendered /users/jac244/.rvm/gems/ruby-1.9.3-p194/gems/blacklight-4.0.0/app/views/shared/_footer.html.erb (0.0ms)
Completed 200 OK in 112ms (Views: 102.7ms | ActiveRecord: 0.3ms)
Started GET "/" for 132.236.211.39 at 2012-12-05 15:09:43 -0500
Processing by CatalogController#index as HTML
  Rendered catalog/_facet_limit_selected.html.haml (2.0ms)
  Rendered /users/jac244/.rvm/gems/ruby-1.9.3-p194/gems/blacklight_range_limit-2.0.0/app/views/blacklight_range_limit/_range_limit_panel.html.erb (2.1ms)
  Rendered catalog/_facet_limit.html.haml (2.7ms)
  Rendered catalog/_facet_limit.html.haml (2.7ms)
  Rendered catalog/_facet_limit.html.haml (1.8ms)
  Rendered catalog/_facet_limit.html.haml (2.8ms)
  Rendered catalog/_facet_limit.html.haml (2.9ms)
  Rendered catalog/_facet_limit.html.haml (2.6ms)
  Rendered catalog/_facets.html.haml (23.9ms)
  Rendered /users/jac244/.rvm/gems/ruby-1.9.3-p194/gems/blacklight-4.0.0/app/views/catalog/_home_text.html.erb (0.1ms)
  Rendered catalog/_facet_limit_selected.html.haml (2.0ms)
  Rendered /users/jac244/.rvm/gems/ruby-1.9.3-p194/gems/blacklight_range_limit-2.0.0/app/views/blacklight_range_limit/_range_limit_panel.html.erb (2.0ms)
  Rendered catalog/_facet_limit.html.haml (2.7ms)
  Rendered catalog/_facet_limit.html.haml (2.6ms)
  Rendered catalog/_facet_limit.html.haml (1.9ms)
  Rendered catalog/_facet_limit.html.haml (2.6ms)
  Rendered catalog/_facet_limit.html.haml (2.6ms)
  Rendered catalog/_facet_limit.html.haml (2.7ms)
  Rendered catalog/_facets.html.haml (23.0ms)
  Rendered /users/jac244/.rvm/gems/ruby-1.9.3-p194/gems/blacklight-4.0.0/app/views/catalog/_home.html.erb (72.3ms)
  Rendered /users/jac244/.rvm/gems/ruby-1.9.3-p194/gems/blacklight-4.0.0/app/views/catalog/index.html.erb within layouts/blacklight (96.7ms)
  Rendered catalog/_search_form.html.erb (1.7ms)
  Rendered /users/jac244/.rvm/gems/ruby-1.9.3-p194/gems/blacklight-4.0.0/app/views/_user_util_links.html.erb (80.0ms)
  Rendered /users/jac244/.rvm/gems/ruby-1.9.3-p194/gems/blacklight-4.0.0/app/views/shared/_header_navbar.html.erb (82.3ms)
  Rendered /users/jac244/.rvm/gems/ruby-1.9.3-p194/gems/blacklight-4.0.0/app/views/_flash_msg.html.erb (0.1ms)
  Rendered /users/jac244/.rvm/gems/ruby-1.9.3-p194/gems/blacklight-4.0.0/app/views/shared/_footer.html.erb (0.0ms)
Completed 200 OK in 199ms (Views: 181.8ms | ActiveRecord: 0.3ms)
Started GET "/catalog/range_limit?range_end=2004&range_field=pub_date&range_start=1547" for 132.236.211.39 at 2012-12-05 15:09:44 -0500
Processing by CatalogController#range_limit as HTML
  Parameters: {"range_end"=>"2004", "range_field"=>"pub_date", "range_start"=>"1547"}
  Rendered /users/jac244/.rvm/gems/ruby-1.9.3-p194/gems/blacklight_range_limit-2.0.0/app/views/blacklight_range_limit/_range_segments.html.erb (3.7ms)
  Rendered /users/jac244/.rvm/gems/ruby-1.9.3-p194/gems/blacklight_range_limit-2.0.0/app/views/blacklight_range_limit/range_segments.html.erb (4.1ms)
Completed 200 OK in 14ms (Views: 4.7ms | ActiveRecord: 0.0ms)
Started GET "/advanced" for 132.236.211.39 at 2012-12-05 15:09:47 -0500
Processing by AdvancedController#index as HTML
  Rendered /users/jac244/.rvm/gems/ruby-1.9.3-p194/gems/blacklight_advanced_search-2.0.0/app/views/advanced/_advanced_search_fields.html.erb (1.0ms)
  Rendered /users/jac244/.rvm/gems/ruby-1.9.3-p194/gems/blacklight_advanced_search-2.0.0/app/views/advanced/_facet_limit.html.erb (2.6ms)
  Rendered /users/jac244/.rvm/gems/ruby-1.9.3-p194/gems/blacklight_range_limit-2.0.0/app/views/blacklight_range_limit/_range_limit_panel.html.erb (1.4ms)
  Rendered /users/jac244/.rvm/gems/ruby-1.9.3-p194/gems/blacklight_advanced_search-2.0.0/app/views/advanced/_facet_limit.html.erb (2.3ms)
  Rendered /users/jac244/.rvm/gems/ruby-1.9.3-p194/gems/blacklight_advanced_search-2.0.0/app/views/advanced/_facet_limit.html.erb (2.2ms)
  Rendered /users/jac244/.rvm/gems/ruby-1.9.3-p194/gems/blacklight_advanced_search-2.0.0/app/views/advanced/_facet_limit.html.erb (2.3ms)
  Rendered /users/jac244/.rvm/gems/ruby-1.9.3-p194/gems/blacklight_advanced_search-2.0.0/app/views/advanced/_facet_limit.html.erb (2.1ms)
  Rendered /users/jac244/.rvm/gems/ruby-1.9.3-p194/gems/blacklight_advanced_search-2.0.0/app/views/advanced/_facet_limit.html.erb (2.1ms)
  Rendered /users/jac244/.rvm/gems/ruby-1.9.3-p194/gems/blacklight_advanced_search-2.0.0/app/views/advanced/_facet_limit.html.erb (2.1ms)
  Rendered /users/jac244/.rvm/gems/ruby-1.9.3-p194/gems/blacklight_advanced_search-2.0.0/app/views/advanced/_advanced_search_facets.html.erb (21.5ms)
  Rendered /users/jac244/.rvm/gems/ruby-1.9.3-p194/gems/blacklight_advanced_search-2.0.0/app/views/advanced/_advanced_search_form.html.erb (30.8ms)
  Rendered /users/jac244/.rvm/gems/ruby-1.9.3-p194/gems/blacklight_advanced_search-2.0.0/app/views/advanced/_advanced_search_help.html.erb (0.4ms)
  Rendered /users/jac244/.rvm/gems/ruby-1.9.3-p194/gems/blacklight_advanced_search-2.0.0/app/views/advanced/index.html.erb within layouts/blacklight (34.5ms)
  Rendered catalog/_search_form.html.erb (1.4ms)
  Rendered /users/jac244/.rvm/gems/ruby-1.9.3-p194/gems/blacklight-4.0.0/app/views/_user_util_links.html.erb (77.9ms)
  Rendered /users/jac244/.rvm/gems/ruby-1.9.3-p194/gems/blacklight-4.0.0/app/views/shared/_header_navbar.html.erb (79.9ms)
  Rendered /users/jac244/.rvm/gems/ruby-1.9.3-p194/gems/blacklight-4.0.0/app/views/_flash_msg.html.erb (0.1ms)
  Rendered /users/jac244/.rvm/gems/ruby-1.9.3-p194/gems/blacklight-4.0.0/app/views/shared/_footer.html.erb (0.0ms)
Completed 200 OK in 132ms (Views: 121.0ms | ActiveRecord: 0.3ms)
